TN:
SF:src\models\curso.js
FNF:0
FNH:0
DA:1,1
DA:3,1
DA:7,1
LF:3
LH:3
BRF:0
BRH:0
end_of_record
TN:
SF:src\models\grupo.js
FNF:0
FNH:0
DA:1,1
DA:3,1
DA:14,1
LF:3
LH:3
BRF:0
BRH:0
end_of_record
TN:
SF:src\models\listaAsistencia.js
FNF:0
FNH:0
DA:1,1
DA:3,1
DA:15,1
LF:3
LH:3
BRF:0
BRH:0
end_of_record
TN:
SF:src\modulos\conexion.js
FN:18,(anonymous_0)
FN:22,handleError
FN:26,crearGrupo
FN:27,(anonymous_3)
FN:32,(anonymous_4)
FN:39,obtenerGrupo
FN:51,obtenerCurso
FN:63,crearCurso
FN:66,(anonymous_8)
FN:69,(anonymous_9)
FN:79,modificarCurso
FN:82,(anonymous_11)
FN:85,(anonymous_12)
FN:95,eliminarCurso
FN:97,(anonymous_14)
FN:100,(anonymous_15)
FN:110,obtenerAsistenciasCallback
FN:111,(anonymous_17)
FN:125,registrarAsistencia
FN:126,(anonymous_19)
FN:127,(anonymous_20)
FN:140,(anonymous_21)
FNF:22
FNH:18
FNDA:1,(anonymous_0)
FNDA:0,handleError
FNDA:1,crearGrupo
FNDA:1,(anonymous_3)
FNDA:1,(anonymous_4)
FNDA:1,obtenerGrupo
FNDA:0,obtenerCurso
FNDA:1,crearCurso
FNDA:1,(anonymous_8)
FNDA:1,(anonymous_9)
FNDA:1,modificarCurso
FNDA:1,(anonymous_11)
FNDA:1,(anonymous_12)
FNDA:1,eliminarCurso
FNDA:1,(anonymous_14)
FNDA:1,(anonymous_15)
FNDA:1,obtenerAsistenciasCallback
FNDA:0,(anonymous_17)
FNDA:1,registrarAsistencia
FNDA:1,(anonymous_19)
FNDA:1,(anonymous_20)
FNDA:0,(anonymous_21)
DA:1,1
DA:3,1
DA:4,1
DA:5,1
DA:6,1
DA:7,1
DA:9,1
DA:14,1
DA:16,1
DA:18,1
DA:19,1
DA:23,0
DA:27,1
DA:28,1
DA:30,1
DA:32,1
DA:33,1
DA:34,1
DA:40,1
DA:41,1
DA:42,42
DA:43,42
DA:44,0
DA:48,1
DA:52,0
DA:53,0
DA:54,0
DA:55,0
DA:56,0
DA:60,0
DA:64,1
DA:65,1
DA:66,1
DA:69,1
DA:70,1
DA:71,0
DA:72,0
DA:74,1
DA:75,1
DA:80,1
DA:81,1
DA:82,1
DA:85,1
DA:86,1
DA:87,0
DA:88,0
DA:90,1
DA:91,1
DA:96,1
DA:97,1
DA:100,1
DA:101,1
DA:102,0
DA:103,0
DA:105,1
DA:106,1
DA:111,1
DA:112,0
DA:114,0
DA:115,0
DA:116,0
DA:117,0
DA:120,0
DA:126,1
DA:127,1
DA:128,1
DA:129,1
DA:130,1
DA:131,0
DA:132,0
DA:133,0
DA:134,0
DA:136,0
DA:138,0
DA:140,0
DA:141,0
DA:142,0
DA:145,0
DA:146,0
DA:147,0
DA:151,1
DA:152,1
DA:157,1
DA:158,1
DA:159,1
DA:160,1
DA:161,1
DA:162,1
DA:163,1
DA:164,1
LF:90
LH:58
BRDA:28,0,0,0
BRDA:28,0,1,1
BRDA:33,1,0,0
BRDA:33,1,1,1
BRDA:43,2,0,0
BRDA:43,2,1,42
BRDA:55,3,0,0
BRDA:55,3,1,0
BRDA:65,4,0,1
BRDA:65,4,1,0
BRDA:70,5,0,0
BRDA:70,5,1,1
BRDA:81,6,0,1
BRDA:81,6,1,0
BRDA:86,7,0,0
BRDA:86,7,1,1
BRDA:96,8,0,1
BRDA:96,8,1,0
BRDA:101,9,0,0
BRDA:101,9,1,1
BRDA:133,10,0,0
BRDA:133,10,1,0
BRDA:134,11,0,0
BRDA:134,11,1,0
BRDA:141,12,0,0
BRDA:141,12,1,0
BRDA:151,13,0,1
BRDA:151,13,1,0
BRF:28
BRH:10
end_of_record
TN:
SF:src\modulos\lecturaArchivos.js
FN:3,interpretarCsv
FN:33,leerArchivo
FN:34,(anonymous_2)
FN:56,prueba
FNF:4
FNH:0
FNDA:0,interpretarCsv
FNDA:0,leerArchivo
FNDA:0,(anonymous_2)
FNDA:0,prueba
DA:1,1
DA:6,0
DA:8,0
DA:9,0
DA:10,0
DA:11,0
DA:12,0
DA:15,0
DA:17,0
DA:18,0
DA:19,0
DA:22,0
DA:30,0
DA:34,0
DA:35,0
DA:36,0
DA:37,0
DA:43,0
DA:52,0
DA:57,0
DA:60,1
DA:61,1
LF:22
LH:3
BRDA:10,0,0,0
BRDA:10,0,1,0
BRDA:35,1,0,0
BRDA:35,1,1,0
BRF:4
BRH:0
end_of_record
